<?xml version="1.0" encoding="UTF-8"?>
<!-- Generated by org.testng.reporters.JUnitReportReporter -->
<testsuite skipped="0" hostname="AAHID8RFFZF2" name="com.fitabank.testcases.AddCustomerTest" tests="1" failures="0" timestamp="2020-07-04T12:43:53 IST" time="7.543" errors="0">
  <testcase name="fillFormadduser" time="7.543" classname="com.fitabank.testcases.AddCustomerTest"/>
  <system-out/>
</testsuite> <!-- com.fitabank.testcases.AddCustomerTest -->
