<?xml version="1.0" encoding="UTF-8"?>
<!-- Generated by org.testng.reporters.JUnitReportReporter -->
<testsuite skipped="0" hostname="AAHID8RFFZF2" name="com.fitabank.testcases.LoginDDT" tests="5" failures="0" timestamp="2020-07-04T11:28:36 IST" time="37.843" errors="0">
  <testcase name="loginTest" time="6.106" classname="com.fitabank.testcases.LoginDDT"/>
  <system-out/>
  <testcase name="loginTest" time="12.961" classname="com.fitabank.testcases.LoginDDT"/>
  <system-out/>
  <testcase name="loginTest" time="6.461" classname="com.fitabank.testcases.LoginDDT"/>
  <system-out/>
  <testcase name="loginTest" time="6.079" classname="com.fitabank.testcases.LoginDDT"/>
  <system-out/>
  <testcase name="loginTest" time="6.236" classname="com.fitabank.testcases.LoginDDT"/>
  <system-out/>
</testsuite> <!-- com.fitabank.testcases.LoginDDT -->
