<?xml version="1.0" encoding="UTF-8"?>
<!-- Generated by org.testng.reporters.JUnitReportReporter -->
<testsuite skipped="0" hostname="AAHID8RFFZF2" name="com.fitabank.grid.GridTest1" tests="1" failures="0" timestamp="2020-07-08T09:19:36 IST" time="6.798" errors="0">
  <testcase name="test" time="6.798" classname="com.fitabank.grid.GridTest1"/>
  <system-out/>
</testsuite> <!-- com.fitabank.grid.GridTest1 -->
