<?xml version="1.0" encoding="UTF-8"?>
<!-- Generated by org.testng.reporters.JUnitReportReporter -->
<testsuite skipped="0" hostname="AAHID8RFFZF2" name="com.fitabank.Base.BaseTest" tests="1" failures="0" timestamp="2020-06-22T09:21:54 IST" time="8.151" errors="0">
  <testcase name="setUp" time="8.151" classname="com.fitabank.Base.BaseTest"/>
  <system-out/>
</testsuite> <!-- com.fitabank.Base.BaseTest -->
